<?xml version="1.0" encoding="UTF-8"?>
<!-- Generated by org.testng.reporters.JUnitXMLReporter -->
<testsuite ignored="0" hostname="DESKTOP-P0LVLVG" failures="0" tests="1" name="FirstTest" time="14.224" errors="0" timestamp="2023-09-10T20:22:56 IST">
  <testcase classname="TestCases.BeforeClassDemo" name="@AfterMethod checkStatus" time="0.007">
    <failure type="java.lang.NullPointerException" message="Cannot invoke &amp;quot;com.aventstack.extentreports.ExtentTest.pass(com.aventstack.extentreports.markuputils.Markup)&amp;quot; because &amp;quot;TestCases.BeforeClassDemo.extentTest&amp;quot; is null">
      <![CDATA[java.lang.NullPointerException: Cannot invoke "com.aventstack.extentreports.ExtentTest.pass(com.aventstack.extentreports.markuputils.Markup)" because "TestCases.BeforeClassDemo.extentTest" is null
at TestCases.BeforeClassDemo.checkStatus(BeforeClassDemo.java:152)
at java.base/java.util.ArrayList.forEach(ArrayList.java:1511)
at java.base/java.util.concurrent.FutureTask.run(FutureTask.java:264)
at java.base/java.util.concurrent.ThreadPoolExecutor.runWorker(ThreadPoolExecutor.java:1136)
at java.base/java.util.concurrent.ThreadPoolExecutor$Worker.run(ThreadPoolExecutor.java:635)
at java.base/java.lang.Thread.run(Thread.java:833)
... Removed 22 stack frames]]>
    </failure>
  </testcase> <!-- @AfterMethod checkStatus -->
  <testcase classname="TestCases.BaseClass" name="openingBrowserChrome" time="10.159"/>
</testsuite> <!-- FirstTest -->
