<?xml version="1.0" encoding="UTF-8"?>
<!-- Generated by org.testng.reporters.JUnitXMLReporter -->
<testsuite ignored="0" hostname="DESKTOP-P0LVLVG" failures="0" tests="1" name="FirstTest(failed)" time="0.084" errors="0" timestamp="2023-09-09T09:00:45 IST">
  <testcase classname="TestCases.BeforeClassDemo" name="@BeforeClass DriverDeclering" time="-1.694230245177E9">
    <failure type="org.testng.TestNGException" message="
Parameter &amp;apos;browser&amp;apos; is required by BeforeClass on method DriverDeclering but has not been marked @Optional or defined
in C:\Users\admin\Desktop\Codes\DemoCodes\test-output\testng-failed.xml">
      <![CDATA[org.testng.TestNGException: 
Parameter 'browser' is required by BeforeClass on method DriverDeclering but has not been marked @Optional or defined
in C:\Users\admin\Desktop\Codes\DemoCodes\test-output\testng-failed.xml
at java.base/java.util.ArrayList.forEach(ArrayList.java:1511)
at java.base/java.util.concurrent.FutureTask.run(FutureTask.java:264)
at java.base/java.util.concurrent.ThreadPoolExecutor.runWorker(ThreadPoolExecutor.java:1136)
at java.base/java.util.concurrent.ThreadPoolExecutor$Worker.run(ThreadPoolExecutor.java:635)
at java.base/java.lang.Thread.run(Thread.java:833)
... Removed 12 stack frames]]>
    </failure>
  </testcase> <!-- @BeforeClass DriverDeclering -->
  <testcase classname="TestCases.BeforeClassDemo" name="@AfterClass Teardown" time="0.0">
    <skipped/>
  </testcase> <!-- @AfterClass Teardown -->
  <testcase classname="TestCases.BaseClass" name="openingBrowserChrome" time="0.0">
    <skipped/>
  </testcase> <!-- openingBrowserChrome -->
</testsuite> <!-- FirstTest(failed) -->
